23/04/2013 15:34:22 - New match 11348965 has started
23/04/2013 15:36:04 - Roman killed Nick using M16
23/04/2013 15:36:33 - <WORLD> killed Nick by DROWN
23/04/2013 15:39:22 - Match 11348965 has ended
23/04/2013 15:34:22 - New match 11348966 has started
23/04/2013 15:36:04 - Maradona killed Nick using AK47
23/04/2013 15:36:33 - Canigia killed Pele by DROWN
23/04/2013 15:39:22 - Match 11348966 has ended
23/04/2013 15:34:22 - New match 11348967 has started
23/04/2013 15:36:04 - Canigia killed Nick using Taser
23/04/2013 15:36:33 - Rubens killed Felipe by DROWN
23/04/2013 15:39:22 - Match 11348967 has ended
23/04/2013 15:34:22 - New match 11348968 has started
23/04/2013 15:36:04 - Roman killed Canigia using M16
23/04/2013 15:36:33 - <WORLD> killed Pele by DROWN
23/04/2013 15:39:22 - Match 11348968 has ended
23/04/2013 15:34:22 - New match 11348969 has started
23/04/2013 15:36:04 - Roman killed Nick using M16
23/04/2013 15:36:33 - <WORLD> killed Nick by DROWN
23/04/2013 15:39:22 - Match 11348969 has ended
23/04/2013 15:34:22 - New match 11348970 has started
23/04/2013 15:36:04 - Roman killed Nick using M16
23/04/2013 15:36:33 - <WORLD> killed Nick by DROWN
23/04/2013 15:39:22 - Match 11348970 has ended